<?xml version="1.0" encoding="UTF-8"?>
<!-- Generated by org.testng.reporters.JUnitXMLReporter -->
<testsuite ignored="0" hostname="DESKTOP-I588ITP" failures="0" tests="3" name="Default test" time="5.225" errors="0" timestamp="2023-02-01T08:48:57 IST">
  <testcase classname="testLogin.LoginClass" name="navigateToUrl" time="2.989"/>
  <testcase classname="testLogin.LoginClass" name="login" time="1.601"/>
  <testcase classname="testLogin.LoginClass" name="homePageHeaderVerification" time="0.606"/>
</testsuite> <!-- Default test -->
