<?xml version="1.0" encoding="UTF-8"?>
<testng-results ignored="0" total="3" passed="3" failed="0" skipped="0">
  <reporter-output>
  </reporter-output>
  <suite started-at="2023-02-01T09:08:06 IST" name="Jenkins Test Suite" finished-at="2023-02-01T09:08:11 IST" duration-ms="5096">
    <groups>
    </groups>
    <test started-at="2023-02-01T09:08:06 IST" name="JenkinsTest" finished-at="2023-02-01T09:08:11 IST" duration-ms="5096">
      <class name="testLogin.LoginClass">
        <test-method is-config="true" signature="browserSetUp()[pri:0, instance:testLogin.LoginClass@240237d2]" started-at="2023-02-01T09:08:05 IST" name="browserSetUp" finished-at="2023-02-01T09:08:06 IST" duration-ms="1140" status="PASS">
          <reporter-output>
          </reporter-output>
        </test-method> <!-- browserSetUp -->
        <test-method signature="navigateToUrl()[pri:1, instance:testLogin.LoginClass@240237d2]" started-at="2023-02-01T09:08:06 IST" name="navigateToUrl" finished-at="2023-02-01T09:08:08 IST" duration-ms="2427" status="PASS">
          <reporter-output>
          </reporter-output>
        </test-method> <!-- navigateToUrl -->
        <test-method signature="login()[pri:2, instance:testLogin.LoginClass@240237d2]" started-at="2023-02-01T09:08:08 IST" name="login" finished-at="2023-02-01T09:08:11 IST" duration-ms="2143" status="PASS">
          <reporter-output>
          </reporter-output>
        </test-method> <!-- login -->
        <test-method signature="homePageHeaderVerification()[pri:3, instance:testLogin.LoginClass@240237d2]" started-at="2023-02-01T09:08:11 IST" name="homePageHeaderVerification" finished-at="2023-02-01T09:08:11 IST" duration-ms="500" status="PASS">
          <reporter-output>
          </reporter-output>
        </test-method> <!-- homePageHeaderVerification -->
        <test-method is-config="true" signature="closeBrowser()[pri:0, instance:testLogin.LoginClass@240237d2]" started-at="2023-02-01T09:08:11 IST" name="closeBrowser" finished-at="2023-02-01T09:08:11 IST" duration-ms="58" status="PASS">
          <reporter-output>
          </reporter-output>
        </test-method> <!-- closeBrowser -->
      </class> <!-- testLogin.LoginClass -->
    </test> <!-- JenkinsTest -->
  </suite> <!-- Jenkins Test Suite -->
</testng-results>
