<?xml version="1.0" encoding="UTF-8"?>
<testng-results ignored="0" total="3" passed="3" failed="0" skipped="0">
  <reporter-output>
  </reporter-output>
  <suite started-at="2023-02-01T08:51:09 IST" name="Jenkins Test Suite" finished-at="2023-02-01T08:51:13 IST" duration-ms="4341">
    <groups>
    </groups>
    <test started-at="2023-02-01T08:51:09 IST" name="JenkinsTest" finished-at="2023-02-01T08:51:13 IST" duration-ms="4341">
      <class name="testLogin.LoginClass">
        <test-method is-config="true" signature="browserSetUp()[pri:0, instance:testLogin.LoginClass@5b03b9fe]" started-at="2023-02-01T08:51:07 IST" name="browserSetUp" finished-at="2023-02-01T08:51:09 IST" duration-ms="1130" status="PASS">
          <reporter-output>
          </reporter-output>
        </test-method> <!-- browserSetUp -->
        <test-method signature="navigateToUrl()[pri:1, instance:testLogin.LoginClass@5b03b9fe]" started-at="2023-02-01T08:51:09 IST" name="navigateToUrl" finished-at="2023-02-01T08:51:11 IST" duration-ms="2309" status="PASS">
          <reporter-output>
          </reporter-output>
        </test-method> <!-- navigateToUrl -->
        <test-method signature="login()[pri:2, instance:testLogin.LoginClass@5b03b9fe]" started-at="2023-02-01T08:51:11 IST" name="login" finished-at="2023-02-01T08:51:13 IST" duration-ms="1665" status="PASS">
          <reporter-output>
          </reporter-output>
        </test-method> <!-- login -->
        <test-method signature="homePageHeaderVerification()[pri:3, instance:testLogin.LoginClass@5b03b9fe]" started-at="2023-02-01T08:51:13 IST" name="homePageHeaderVerification" finished-at="2023-02-01T08:51:13 IST" duration-ms="345" status="PASS">
          <reporter-output>
          </reporter-output>
        </test-method> <!-- homePageHeaderVerification -->
        <test-method is-config="true" signature="closeBrowser()[pri:0, instance:testLogin.LoginClass@5b03b9fe]" started-at="2023-02-01T08:51:13 IST" name="closeBrowser" finished-at="2023-02-01T08:51:13 IST" duration-ms="101" status="PASS">
          <reporter-output>
          </reporter-output>
        </test-method> <!-- closeBrowser -->
      </class> <!-- testLogin.LoginClass -->
    </test> <!-- JenkinsTest -->
  </suite> <!-- Jenkins Test Suite -->
</testng-results>
