<?xml version="1.0" encoding="UTF-8"?>
<!-- Generated by org.testng.reporters.JUnitXMLReporter -->
<testsuite ignored="0" hostname="DESKTOP-I588ITP" failures="0" tests="3" name="JenkinsTest" time="4.341" errors="0" timestamp="2023-02-01T08:51:13 IST">
  <testcase classname="testLogin.LoginClass" name="navigateToUrl" time="2.309"/>
  <testcase classname="testLogin.LoginClass" name="login" time="1.665"/>
  <testcase classname="testLogin.LoginClass" name="homePageHeaderVerification" time="0.345"/>
</testsuite> <!-- JenkinsTest -->
