<?xml version="1.0" encoding="UTF-8"?>
<!-- Generated by org.testng.reporters.JUnitXMLReporter -->
<testsuite ignored="0" hostname="DESKTOP-I588ITP" failures="0" tests="3" name="JenkinsTest" time="5.096" errors="0" timestamp="2023-02-01T09:08:11 IST">
  <testcase classname="testLogin.LoginClass" name="navigateToUrl" time="2.427"/>
  <testcase classname="testLogin.LoginClass" name="login" time="2.143"/>
  <testcase classname="testLogin.LoginClass" name="homePageHeaderVerification" time="0.5"/>
</testsuite> <!-- JenkinsTest -->
